

Started GET "/framework/ui-kit/css/flat-ui.css" for 127.0.0.1 at 2014-02-07 14:33:02 -0500

ActionController::RoutingError (No route matches [GET] "/framework/ui-kit/css/flat-ui.css"):
  actionpack (4.0.2) lib/action_dispatch/middleware/debug_exceptions.rb:21:in `call'
  actionpack (4.0.2) lib/action_dispatch/middleware/show_exceptions.rb:30:in `call'
  railties (4.0.2) lib/rails/rack/logger.rb:38:in `call_app'
  railties (4.0.2) lib/rails/rack/logger.rb:20:in `block in call'
  activesupport (4.0.2) lib/active_support/tagged_logging.rb:67:in `block in tagged'
  activesupport (4.0.2) lib/active_support/tagged_logging.rb:25:in `tagged'
  activesupport (4.0.2) lib/active_support/tagged_logging.rb:67:in `tagged'
  railties (4.0.2) lib/rails/rack/logger.rb:20:in `call'
  actionpack (4.0.2) lib/action_dispatch/middleware/request_id.rb:21:in `call'
  rack (1.5.2) lib/rack/methodoverride.rb:21:in `call'
  rack (1.5.2) lib/rack/runtime.rb:17:in `call'
  activesupport (4.0.2) lib/active_support/cache/strategy/local_cache.rb:83:in `call'
  rack (1.5.2) lib/rack/lock.rb:17:in `call'
  actionpack (4.0.2) lib/action_dispatch/middleware/static.rb:64:in `call'
  rack (1.5.2) lib/rack/sendfile.rb:112:in `call'
  railties (4.0.2) lib/rails/engine.rb:511:in `call'
  railties (4.0.2) lib/rails/application.rb:97:in `call'
  rack (1.5.2) lib/rack/lock.rb:17:in `call'
  rack (1.5.2) lib/rack/content_length.rb:14:in `call'
  rack (1.5.2) lib/rack/handler/webrick.rb:60:in `service'
  /Users/zwelch/.rvm/rubies/ruby-2.0.0-p353/lib/ruby/2.0.0/webrick/httpserver.rb:138:in `service'
  /Users/zwelch/.rvm/rubies/ruby-2.0.0-p353/lib/ruby/2.0.0/webrick/httpserver.rb:94:in `run'
  /Users/zwelch/.rvm/rubies/ruby-2.0.0-p353/lib/ruby/2.0.0/webrick/server.rb:295:in `block in start_thread'


  Rendered /Users/zwelch/.rvm/gems/ruby-2.0.0-p353@global/gems/actionpack-4.0.2/lib/action_dispatch/middleware/templates/rescues/_trace.erb (1.0ms)
  Rendered /Users/zwelch/.rvm/gems/ruby-2.0.0-p353@global/gems/actionpack-4.0.2/lib/action_dispatch/middleware/templates/routes/_table.html.erb (3.4ms)
  Rendered /Users/zwelch/.rvm/gems/ruby-2.0.0-p353@global/gems/actionpack-4.0.2/lib/action_dispatch/middleware/templates/rescues/routing_error.erb within rescues/layout (15.7ms)


Started GET "/framework/ui-kit/css/flat-ui.css" for 127.0.0.1 at 2014-02-07 14:33:07 -0500

ActionController::RoutingError (No route matches [GET] "/framework/ui-kit/css/flat-ui.css"):
  actionpack (4.0.2) lib/action_dispatch/middleware/debug_exceptions.rb:21:in `call'
  actionpack (4.0.2) lib/action_dispatch/middleware/show_exceptions.rb:30:in `call'
  railties (4.0.2) lib/rails/rack/logger.rb:38:in `call_app'
  railties (4.0.2) lib/rails/rack/logger.rb:20:in `block in call'
  activesupport (4.0.2) lib/active_support/tagged_logging.rb:67:in `block in tagged'
  activesupport (4.0.2) lib/active_support/tagged_logging.rb:25:in `tagged'
  activesupport (4.0.2) lib/active_support/tagged_logging.rb:67:in `tagged'
  railties (4.0.2) lib/rails/rack/logger.rb:20:in `call'
  actionpack (4.0.2) lib/action_dispatch/middleware/request_id.rb:21:in `call'
  rack (1.5.2) lib/rack/methodoverride.rb:21:in `call'
  rack (1.5.2) lib/rack/runtime.rb:17:in `call'
  activesupport (4.0.2) lib/active_support/cache/strategy/local_cache.rb:83:in `call'
  rack (1.5.2) lib/rack/lock.rb:17:in `call'
  actionpack (4.0.2) lib/action_dispatch/middleware/static.rb:64:in `call'
  rack (1.5.2) lib/rack/sendfile.rb:112:in `call'
  railties (4.0.2) lib/rails/engine.rb:511:in `call'
  railties (4.0.2) lib/rails/application.rb:97:in `call'
  rack (1.5.2) lib/rack/lock.rb:17:in `call'
  rack (1.5.2) lib/rack/content_length.rb:14:in `call'
  rack (1.5.2) lib/rack/handler/webrick.rb:60:in `service'
  /Users/zwelch/.rvm/rubies/ruby-2.0.0-p353/lib/ruby/2.0.0/webrick/httpserver.rb:138:in `service'
  /Users/zwelch/.rvm/rubies/ruby-2.0.0-p353/lib/ruby/2.0.0/webrick/httpserver.rb:94:in `run'
  /Users/zwelch/.rvm/rubies/ruby-2.0.0-p353/lib/ruby/2.0.0/webrick/server.rb:295:in `block in start_thread'


  Rendered /Users/zwelch/.rvm/gems/ruby-2.0.0-p353@global/gems/actionpack-4.0.2/lib/action_dispatch/middleware/templates/rescues/_trace.erb (1.0ms)
  Rendered /Users/zwelch/.rvm/gems/ruby-2.0.0-p353@global/gems/actionpack-4.0.2/lib/action_dispatch/middleware/templates/routes/_table.html.erb (0.9ms)
  Rendered /Users/zwelch/.rvm/gems/ruby-2.0.0-p353@global/gems/actionpack-4.0.2/lib/action_dispatch/middleware/templates/rescues/routing_error.erb within rescues/layout (39.9ms)


Started GET "/common-files/img/map.png" for 127.0.0.1 at 2014-02-07 14:33:17 -0500

ActionController::RoutingError (No route matches [GET] "/common-files/img/map.png"):
  actionpack (4.0.2) lib/action_dispatch/middleware/debug_exceptions.rb:21:in `call'
  actionpack (4.0.2) lib/action_dispatch/middleware/show_exceptions.rb:30:in `call'
  railties (4.0.2) lib/rails/rack/logger.rb:38:in `call_app'
  railties (4.0.2) lib/rails/rack/logger.rb:20:in `block in call'
  activesupport (4.0.2) lib/active_support/tagged_logging.rb:67:in `block in tagged'
  activesupport (4.0.2) lib/active_support/tagged_logging.rb:25:in `tagged'
  activesupport (4.0.2) lib/active_support/tagged_logging.rb:67:in `tagged'
  railties (4.0.2) lib/rails/rack/logger.rb:20:in `call'
  actionpack (4.0.2) lib/action_dispatch/middleware/request_id.rb:21:in `call'
  rack (1.5.2) lib/rack/methodoverride.rb:21:in `call'
  rack (1.5.2) lib/rack/runtime.rb:17:in `call'
  activesupport (4.0.2) lib/active_support/cache/strategy/local_cache.rb:83:in `call'
  rack (1.5.2) lib/rack/lock.rb:17:in `call'
  actionpack (4.0.2) lib/action_dispatch/middleware/static.rb:64:in `call'
  rack (1.5.2) lib/rack/sendfile.rb:112:in `call'
  railties (4.0.2) lib/rails/engine.rb:511:in `call'
  railties (4.0.2) lib/rails/application.rb:97:in `call'
  rack (1.5.2) lib/rack/lock.rb:17:in `call'
  rack (1.5.2) lib/rack/content_length.rb:14:in `call'
  rack (1.5.2) lib/rack/handler/webrick.rb:60:in `service'
  /Users/zwelch/.rvm/rubies/ruby-2.0.0-p353/lib/ruby/2.0.0/webrick/httpserver.rb:138:in `service'
  /Users/zwelch/.rvm/rubies/ruby-2.0.0-p353/lib/ruby/2.0.0/webrick/httpserver.rb:94:in `run'
  /Users/zwelch/.rvm/rubies/ruby-2.0.0-p353/lib/ruby/2.0.0/webrick/server.rb:295:in `block in start_thread'


  Rendered /Users/zwelch/.rvm/gems/ruby-2.0.0-p353@global/gems/actionpack-4.0.2/lib/action_dispatch/middleware/templates/rescues/_trace.erb (0.8ms)
  Rendered /Users/zwelch/.rvm/gems/ruby-2.0.0-p353@global/gems/actionpack-4.0.2/lib/action_dispatch/middleware/templates/routes/_table.html.erb (1.4ms)
  Rendered /Users/zwelch/.rvm/gems/ruby-2.0.0-p353@global/gems/actionpack-4.0.2/lib/action_dispatch/middleware/templates/rescues/routing_error.erb within rescues/layout (11.7ms)
